<?xml version="1.0" encoding="UTF-8"?>
<!-- Generated by org.testng.reporters.JUnitXMLReporter -->
<testsuite hostname="Primroses-MacBook-Pro.local" ignored="0" name="Default test" tests="4" failures="0" timestamp="28 Oct 2018 05:42:07 GMT" time="0.081" errors="0">
  <testcase name="insertAndPrintTest" time="0.013" classname="test.c2_LinkedLists.C2_01Tests"/>
  <testcase name="printEmptyTest" time="0.001" classname="test.c2_LinkedLists.C2_01Tests"/>
  <testcase name="removeUnsortedNoBufferTest" time="0.002" classname="test.c2_LinkedLists.C2_01Tests"/>
  <testcase name="removeUnsortedTest" time="0.004" classname="test.c2_LinkedLists.C2_01Tests"/>
</testsuite> <!-- Default test -->
