<?xml version="1.0" encoding="UTF-8"?>
<testng-results skipped="0" failed="0" ignored="0" total="4" passed="4">
  <reporter-output>
  </reporter-output>
  <suite name="Default suite" duration-ms="81" started-at="2018-10-28T05:42:07Z" finished-at="2018-10-28T05:42:07Z">
    <groups>
    </groups>
    <test name="Default test" duration-ms="81" started-at="2018-10-28T05:42:07Z" finished-at="2018-10-28T05:42:07Z">
      <class name="test.c2_LinkedLists.C2_01Tests">
        <test-method status="PASS" signature="setup()[pri:0, instance:test.c2_LinkedLists.C2_01Tests@548a9f61]" name="setup" is-config="true" duration-ms="10" started-at="2018-10-28T05:42:07Z" finished-at="2018-10-28T05:42:07Z">
          <reporter-output>
          </reporter-output>
        </test-method> <!-- setup -->
        <test-method status="PASS" signature="insertAndPrintTest()[pri:0, instance:test.c2_LinkedLists.C2_01Tests@548a9f61]" name="insertAndPrintTest" duration-ms="13" started-at="2018-10-28T05:42:07Z" finished-at="2018-10-28T05:42:07Z">
          <reporter-output>
          </reporter-output>
        </test-method> <!-- insertAndPrintTest -->
        <test-method status="PASS" signature="tearDown()[pri:0, instance:test.c2_LinkedLists.C2_01Tests@548a9f61]" name="tearDown" is-config="true" duration-ms="0" started-at="2018-10-28T05:42:07Z" finished-at="2018-10-28T05:42:07Z">
          <reporter-output>
          </reporter-output>
        </test-method> <!-- tearDown -->
        <test-method status="PASS" signature="setup()[pri:0, instance:test.c2_LinkedLists.C2_01Tests@548a9f61]" name="setup" is-config="true" duration-ms="1" started-at="2018-10-28T05:42:07Z" finished-at="2018-10-28T05:42:07Z">
          <reporter-output>
          </reporter-output>
        </test-method> <!-- setup -->
        <test-method status="PASS" signature="printEmptyTest()[pri:0, instance:test.c2_LinkedLists.C2_01Tests@548a9f61]" name="printEmptyTest" duration-ms="1" started-at="2018-10-28T05:42:07Z" finished-at="2018-10-28T05:42:07Z">
          <reporter-output>
          </reporter-output>
        </test-method> <!-- printEmptyTest -->
        <test-method status="PASS" signature="tearDown()[pri:0, instance:test.c2_LinkedLists.C2_01Tests@548a9f61]" name="tearDown" is-config="true" duration-ms="1" started-at="2018-10-28T05:42:07Z" finished-at="2018-10-28T05:42:07Z">
          <reporter-output>
          </reporter-output>
        </test-method> <!-- tearDown -->
        <test-method status="PASS" signature="setup()[pri:0, instance:test.c2_LinkedLists.C2_01Tests@548a9f61]" name="setup" is-config="true" duration-ms="1" started-at="2018-10-28T05:42:07Z" finished-at="2018-10-28T05:42:07Z">
          <reporter-output>
          </reporter-output>
        </test-method> <!-- setup -->
        <test-method status="PASS" signature="removeUnsortedNoBufferTest()[pri:0, instance:test.c2_LinkedLists.C2_01Tests@548a9f61]" name="removeUnsortedNoBufferTest" duration-ms="2" started-at="2018-10-28T05:42:07Z" finished-at="2018-10-28T05:42:07Z">
          <reporter-output>
          </reporter-output>
        </test-method> <!-- removeUnsortedNoBufferTest -->
        <test-method status="PASS" signature="tearDown()[pri:0, instance:test.c2_LinkedLists.C2_01Tests@548a9f61]" name="tearDown" is-config="true" duration-ms="0" started-at="2018-10-28T05:42:07Z" finished-at="2018-10-28T05:42:07Z">
          <reporter-output>
          </reporter-output>
        </test-method> <!-- tearDown -->
        <test-method status="PASS" signature="removeUnsortedTest()[pri:0, instance:test.c2_LinkedLists.C2_01Tests@548a9f61]" name="removeUnsortedTest" duration-ms="4" started-at="2018-10-28T05:42:07Z" finished-at="2018-10-28T05:42:07Z">
          <reporter-output>
          </reporter-output>
        </test-method> <!-- removeUnsortedTest -->
        <test-method status="PASS" signature="setup()[pri:0, instance:test.c2_LinkedLists.C2_01Tests@548a9f61]" name="setup" is-config="true" duration-ms="0" started-at="2018-10-28T05:42:07Z" finished-at="2018-10-28T05:42:07Z">
          <reporter-output>
          </reporter-output>
        </test-method> <!-- setup -->
        <test-method status="PASS" signature="tearDown()[pri:0, instance:test.c2_LinkedLists.C2_01Tests@548a9f61]" name="tearDown" is-config="true" duration-ms="3" started-at="2018-10-28T05:42:07Z" finished-at="2018-10-28T05:42:07Z">
          <reporter-output>
          </reporter-output>
        </test-method> <!-- tearDown -->
      </class> <!-- test.c2_LinkedLists.C2_01Tests -->
    </test> <!-- Default test -->
  </suite> <!-- Default suite -->
</testng-results>
