<?xml version="1.0" encoding="UTF-8"?>
<testng-results skipped="0" failed="0" ignored="0" total="6" passed="6">
  <reporter-output>
  </reporter-output>
  <suite name="Default suite" duration-ms="86" started-at="2018-10-27T03:56:51Z" finished-at="2018-10-27T03:56:51Z">
    <groups>
    </groups>
    <test name="Default test" duration-ms="86" started-at="2018-10-27T03:56:51Z" finished-at="2018-10-27T03:56:51Z">
      <class name="test.Q1_05Tests">
        <test-method status="PASS" signature="insertA1()[pri:0, instance:test.Q1_05Tests@51efea79]" name="insertA1" duration-ms="23" started-at="2018-10-27T03:56:51Z" finished-at="2018-10-27T03:56:51Z">
          <reporter-output>
          </reporter-output>
        </test-method> <!-- insertA1 -->
        <test-method status="PASS" signature="insertA2()[pri:0, instance:test.Q1_05Tests@51efea79]" name="insertA2" duration-ms="2" started-at="2018-10-27T03:56:51Z" finished-at="2018-10-27T03:56:51Z">
          <reporter-output>
          </reporter-output>
        </test-method> <!-- insertA2 -->
        <test-method status="PASS" signature="replace_inValid1()[pri:0, instance:test.Q1_05Tests@51efea79]" name="replace_inValid1" duration-ms="2" started-at="2018-10-27T03:56:51Z" finished-at="2018-10-27T03:56:51Z">
          <reporter-output>
          </reporter-output>
        </test-method> <!-- replace_inValid1 -->
        <test-method status="PASS" signature="replace_inValid2()[pri:0, instance:test.Q1_05Tests@51efea79]" name="replace_inValid2" duration-ms="3" started-at="2018-10-27T03:56:51Z" finished-at="2018-10-27T03:56:51Z">
          <reporter-output>
          </reporter-output>
        </test-method> <!-- replace_inValid2 -->
        <test-method status="PASS" signature="replace_valid1()[pri:0, instance:test.Q1_05Tests@51efea79]" name="replace_valid1" duration-ms="3" started-at="2018-10-27T03:56:51Z" finished-at="2018-10-27T03:56:51Z">
          <reporter-output>
          </reporter-output>
        </test-method> <!-- replace_valid1 -->
        <test-method status="PASS" signature="replace_valid2()[pri:0, instance:test.Q1_05Tests@51efea79]" name="replace_valid2" duration-ms="2" started-at="2018-10-27T03:56:51Z" finished-at="2018-10-27T03:56:51Z">
          <reporter-output>
          </reporter-output>
        </test-method> <!-- replace_valid2 -->
      </class> <!-- test.Q1_05Tests -->
    </test> <!-- Default test -->
  </suite> <!-- Default suite -->
</testng-results>
